<?xml version="1.0" encoding="UTF-8"?>
<!-- Generated by org.testng.reporters.JUnitReportReporter -->
<testsuite hostname="boboMacBook-Pro" failures="0" tests="3" name="testassured.openJson" time="1.930" errors="0" timestamp="2022-12-15T20:48:19 CST" skipped="0">
  <testcase classname="testassured.openJson" name="testGetMiniVideo" time="1.176"/>
  <system-out/>
  <testcase classname="testassured.openJson" name="testRegister" time="0.609"/>
  <system-out/>
  <testcase classname="testassured.openJson" name="testLogin" time="0.145"/>
  <system-out/>
</testsuite> <!-- testassured.openJson -->
