<?xml version="1.0" encoding="UTF-8"?>
<!-- Generated by org.testng.reporters.JUnitReportReporter -->
<testsuite hostname="boboMacBook-Pro" failures="0" tests="3" name="testassured.openJson" time="2.184" errors="0" timestamp="2022-12-15T20:39:53 CST" skipped="0">
  <testcase classname="testassured.openJson" name="testLogin" time="0.182"/>
  <system-out/>
  <testcase classname="testassured.openJson" name="testGetMiniVideo" time="1.363"/>
  <system-out/>
  <testcase classname="testassured.openJson" name="testRegister" time="0.639"/>
  <system-out/>
</testsuite> <!-- testassured.openJson -->
